<?xml version="1.0" encoding="UTF-8"?>
<testsuite xmlns:xsi="http://www.w3.org/2001/XMLSchema-instance" xsi:noNamespaceSchemaLocation="https://maven.apache.org/surefire/maven-surefire-plugin/xsd/surefire-test-report-3.0.xsd" version="3.0" name="TestSuite" time="11.151" tests="1" errors="0" skipped="0" failures="0">
  <properties>
    <property name="awt.toolkit" value="sun.lwawt.macosx.LWCToolkit"/>
    <property name="java.specification.version" value="12"/>
    <property name="webdriver.chrome.driver" value="/Users/detlap019/.cache/selenium/chromedriver/mac64/89.0.4389.23/chromedriver"/>
    <property name="sun.jnu.encoding" value="UTF-8"/>
    <property name="java.class.path" value="/Users/detlap019/Automation_Framworks/UI_Automation_bdd_pom_framework/target/test-classes:/Users/detlap019/Automation_Framworks/UI_Automation_bdd_pom_framework/target/classes:/Users/detlap019/.m2/repository/org/seleniumhq/selenium/selenium-java/3.141.59/selenium-java-3.141.59.jar:/Users/detlap019/.m2/repository/org/seleniumhq/selenium/selenium-api/3.141.59/selenium-api-3.141.59.jar:/Users/detlap019/.m2/repository/org/seleniumhq/selenium/selenium-chrome-driver/3.141.59/selenium-chrome-driver-3.141.59.jar:/Users/detlap019/.m2/repository/org/seleniumhq/selenium/selenium-edge-driver/3.141.59/selenium-edge-driver-3.141.59.jar:/Users/detlap019/.m2/repository/org/seleniumhq/selenium/selenium-firefox-driver/3.141.59/selenium-firefox-driver-3.141.59.jar:/Users/detlap019/.m2/repository/org/seleniumhq/selenium/selenium-ie-driver/3.141.59/selenium-ie-driver-3.141.59.jar:/Users/detlap019/.m2/repository/org/seleniumhq/selenium/selenium-opera-driver/3.141.59/selenium-opera-driver-3.141.59.jar:/Users/detlap019/.m2/repository/org/seleniumhq/selenium/selenium-remote-driver/3.141.59/selenium-remote-driver-3.141.59.jar:/Users/detlap019/.m2/repository/org/seleniumhq/selenium/selenium-safari-driver/3.141.59/selenium-safari-driver-3.141.59.jar:/Users/detlap019/.m2/repository/net/bytebuddy/byte-buddy/1.8.15/byte-buddy-1.8.15.jar:/Users/detlap019/.m2/repository/org/apache/commons/commons-exec/1.3/commons-exec-1.3.jar:/Users/detlap019/.m2/repository/com/google/guava/guava/25.0-jre/guava-25.0-jre.jar:/Users/detlap019/.m2/repository/com/google/code/findbugs/jsr305/1.3.9/jsr305-1.3.9.jar:/Users/detlap019/.m2/repository/org/checkerframework/checker-compat-qual/2.0.0/checker-compat-qual-2.0.0.jar:/Users/detlap019/.m2/repository/com/google/errorprone/error_prone_annotations/2.1.3/error_prone_annotations-2.1.3.jar:/Users/detlap019/.m2/repository/com/google/j2objc/j2objc-annotations/1.1/j2objc-annotations-1.1.jar:/Users/detlap019/.m2/repository/org/codehaus/mojo/animal-sniffer-annotations/1.14/animal-sniffer-annotations-1.14.jar:/Users/detlap019/.m2/repository/com/squareup/okhttp3/okhttp/3.11.0/okhttp-3.11.0.jar:/Users/detlap019/.m2/repository/com/squareup/okio/okio/1.14.0/okio-1.14.0.jar:/Users/detlap019/.m2/repository/org/seleniumhq/selenium/selenium-support/3.141.59/selenium-support-3.141.59.jar:/Users/detlap019/.m2/repository/org/testng/testng/7.1.0/testng-7.1.0.jar:/Users/detlap019/.m2/repository/com/beust/jcommander/1.72/jcommander-1.72.jar:/Users/detlap019/.m2/repository/com/google/inject/guice/4.1.0/guice-4.1.0-no_aop.jar:/Users/detlap019/.m2/repository/javax/inject/javax.inject/1/javax.inject-1.jar:/Users/detlap019/.m2/repository/aopalliance/aopalliance/1.0/aopalliance-1.0.jar:/Users/detlap019/.m2/repository/org/yaml/snakeyaml/1.21/snakeyaml-1.21.jar:/Users/detlap019/.m2/repository/io/github/bonigarcia/webdrivermanager/4.3.1/webdrivermanager-4.3.1.jar:/Users/detlap019/.m2/repository/commons-io/commons-io/2.8.0/commons-io-2.8.0.jar:/Users/detlap019/.m2/repository/com/google/code/gson/gson/2.8.6/gson-2.8.6.jar:/Users/detlap019/.m2/repository/org/apache/commons/commons-lang3/3.11/commons-lang3-3.11.jar:/Users/detlap019/.m2/repository/org/apache/httpcomponents/client5/httpclient5/5.0.3/httpclient5-5.0.3.jar:/Users/detlap019/.m2/repository/org/apache/httpcomponents/core5/httpcore5/5.0.2/httpcore5-5.0.2.jar:/Users/detlap019/.m2/repository/org/apache/httpcomponents/core5/httpcore5-h2/5.0.2/httpcore5-h2-5.0.2.jar:/Users/detlap019/.m2/repository/commons-codec/commons-codec/1.13/commons-codec-1.13.jar:/Users/detlap019/.m2/repository/org/rauschig/jarchivelib/1.1.0/jarchivelib-1.1.0.jar:/Users/detlap019/.m2/repository/org/apache/commons/commons-compress/1.20/commons-compress-1.20.jar:/Users/detlap019/.m2/repository/org/jsoup/jsoup/1.13.1/jsoup-1.13.1.jar:/Users/detlap019/.m2/repository/com/opencsv/opencsv/3.3/opencsv-3.3.jar:/Users/detlap019/.m2/repository/io/appium/java-client/7.3.0/java-client-7.3.0.jar:/Users/detlap019/.m2/repository/org/apache/httpcomponents/httpclient/4.5.9/httpclient-4.5.9.jar:/Users/detlap019/.m2/repository/org/apache/httpcomponents/httpcore/4.4.11/httpcore-4.4.11.jar:/Users/detlap019/.m2/repository/commons-logging/commons-logging/1.2/commons-logging-1.2.jar:/Users/detlap019/.m2/repository/cglib/cglib/3.2.12/cglib-3.2.12.jar:/Users/detlap019/.m2/repository/org/ow2/asm/asm/7.1/asm-7.1.jar:/Users/detlap019/.m2/repository/commons-validator/commons-validator/1.6/commons-validator-1.6.jar:/Users/detlap019/.m2/repository/commons-beanutils/commons-beanutils/1.9.2/commons-beanutils-1.9.2.jar:/Users/detlap019/.m2/repository/commons-digester/commons-digester/1.8.1/commons-digester-1.8.1.jar:/Users/detlap019/.m2/repository/commons-collections/commons-collections/3.2.2/commons-collections-3.2.2.jar:/Users/detlap019/.m2/repository/org/springframework/spring-context/5.1.8.RELEASE/spring-context-5.1.8.RELEASE.jar:/Users/detlap019/.m2/repository/org/springframework/spring-aop/5.1.8.RELEASE/spring-aop-5.1.8.RELEASE.jar:/Users/detlap019/.m2/repository/org/springframework/spring-beans/5.1.8.RELEASE/spring-beans-5.1.8.RELEASE.jar:/Users/detlap019/.m2/repository/org/springframework/spring-core/5.1.8.RELEASE/spring-core-5.1.8.RELEASE.jar:/Users/detlap019/.m2/repository/org/springframework/spring-jcl/5.1.8.RELEASE/spring-jcl-5.1.8.RELEASE.jar:/Users/detlap019/.m2/repository/org/springframework/spring-expression/5.1.8.RELEASE/spring-expression-5.1.8.RELEASE.jar:/Users/detlap019/.m2/repository/org/aspectj/aspectjweaver/1.9.4/aspectjweaver-1.9.4.jar:/Users/detlap019/.m2/repository/com/aventstack/extentreports/4.1.5/extentreports-4.1.5.jar:/Users/detlap019/.m2/repository/org/freemarker/freemarker/2.3.29/freemarker-2.3.29.jar:/Users/detlap019/.m2/repository/org/apache/httpcomponents/httpmime/4.5.2/httpmime-4.5.2.jar:/Users/detlap019/.m2/repository/org/mongodb/mongodb-driver/3.12.0/mongodb-driver-3.12.0.jar:/Users/detlap019/.m2/repository/org/mongodb/mongodb-driver-core/3.12.0/mongodb-driver-core-3.12.0.jar:/Users/detlap019/.m2/repository/org/mongodb/bson/3.12.0/bson-3.12.0.jar:/Users/detlap019/.m2/repository/org/projectlombok/lombok/1.18.12/lombok-1.18.12.jar:/Users/detlap019/.m2/repository/log4j/log4j/1.2.17/log4j-1.2.17.jar:/Users/detlap019/.m2/repository/org/slf4j/slf4j-api/1.7.25/slf4j-api-1.7.25.jar:/Users/detlap019/.m2/repository/com/vimalselvam/cucumber-extentsreport/3.1.1/cucumber-extentsreport-3.1.1.jar:/Users/detlap019/.m2/repository/io/cucumber/cucumber-java/6.7.0/cucumber-java-6.7.0.jar:/Users/detlap019/.m2/repository/io/cucumber/cucumber-core/6.7.0/cucumber-core-6.7.0.jar:/Users/detlap019/.m2/repository/io/cucumber/cucumber-gherkin/6.7.0/cucumber-gherkin-6.7.0.jar:/Users/detlap019/.m2/repository/io/cucumber/cucumber-gherkin-messages/6.7.0/cucumber-gherkin-messages-6.7.0.jar:/Users/detlap019/.m2/repository/io/cucumber/messages/13.0.1/messages-13.0.1.jar:/Users/detlap019/.m2/repository/io/cucumber/tag-expressions/3.0.0/tag-expressions-3.0.0.jar:/Users/detlap019/.m2/repository/io/cucumber/cucumber-expressions/10.3.0/cucumber-expressions-10.3.0.jar:/Users/detlap019/.m2/repository/io/cucumber/datatable/3.4.0/datatable-3.4.0.jar:/Users/detlap019/.m2/repository/io/cucumber/cucumber-plugin/6.7.0/cucumber-plugin-6.7.0.jar:/Users/detlap019/.m2/repository/io/cucumber/docstring/6.7.0/docstring-6.7.0.jar:/Users/detlap019/.m2/repository/io/cucumber/html-formatter/9.0.0/html-formatter-9.0.0.jar:/Users/detlap019/.m2/repository/io/cucumber/create-meta/2.0.2/create-meta-2.0.2.jar:/Users/detlap019/.m2/repository/org/apiguardian/apiguardian-api/1.1.0/apiguardian-api-1.1.0.jar:/Users/detlap019/.m2/repository/io/cucumber/cucumber-testng/6.7.0/cucumber-testng-6.7.0.jar:/Users/detlap019/.m2/repository/io/cucumber/cucumber-picocontainer/4.3.0/cucumber-picocontainer-4.3.0.jar:/Users/detlap019/.m2/repository/org/picocontainer/picocontainer/2.15/picocontainer-2.15.jar:/Users/detlap019/.m2/repository/javassist/javassist/3.12.1.GA/javassist-3.12.1.GA.jar:/Users/detlap019/.m2/repository/com/googlecode/json-simple/json-simple/1.1.1/json-simple-1.1.1.jar:/Users/detlap019/.m2/repository/junit/junit/4.10/junit-4.10.jar:/Users/detlap019/.m2/repository/org/hamcrest/hamcrest-core/1.1/hamcrest-core-1.1.jar:/Users/detlap019/.m2/repository/org/json/json/20200518/json-20200518.jar:"/>
    <property name="java.vm.vendor" value="Oracle Corporation"/>
    <property name="sun.arch.data.model" value="64"/>
    <property name="java.vendor.url" value="https://java.oracle.com/"/>
    <property name="user.timezone" value="Asia/Kolkata"/>
    <property name="os.name" value="Mac OS X"/>
    <property name="java.vm.specification.version" value="12"/>
    <property name="sun.java.launcher" value="SUN_STANDARD"/>
    <property name="user.country" value="GB"/>
    <property name="sun.boot.library.path" value="/Library/Java/JavaVirtualMachines/jdk-12.0.2.jdk/Contents/Home/lib"/>
    <property name="sun.java.command" value="/Users/detlap019/Automation_Framworks/UI_Automation_bdd_pom_framework/target/surefire/surefirebooter471480583766083645.jar /Users/detlap019/Automation_Framworks/UI_Automation_bdd_pom_framework/target/surefire 2021-04-05T22-35-22_311-jvmRun1 surefire7048333675492868684tmp surefire_05487538580077213212tmp"/>
    <property name="http.nonProxyHosts" value="local|*.local|169.254/16|*.169.254/16"/>
    <property name="jdk.debug" value="release"/>
    <property name="surefire.test.class.path" value="/Users/detlap019/Automation_Framworks/UI_Automation_bdd_pom_framework/target/test-classes:/Users/detlap019/Automation_Framworks/UI_Automation_bdd_pom_framework/target/classes:/Users/detlap019/.m2/repository/org/seleniumhq/selenium/selenium-java/3.141.59/selenium-java-3.141.59.jar:/Users/detlap019/.m2/repository/org/seleniumhq/selenium/selenium-api/3.141.59/selenium-api-3.141.59.jar:/Users/detlap019/.m2/repository/org/seleniumhq/selenium/selenium-chrome-driver/3.141.59/selenium-chrome-driver-3.141.59.jar:/Users/detlap019/.m2/repository/org/seleniumhq/selenium/selenium-edge-driver/3.141.59/selenium-edge-driver-3.141.59.jar:/Users/detlap019/.m2/repository/org/seleniumhq/selenium/selenium-firefox-driver/3.141.59/selenium-firefox-driver-3.141.59.jar:/Users/detlap019/.m2/repository/org/seleniumhq/selenium/selenium-ie-driver/3.141.59/selenium-ie-driver-3.141.59.jar:/Users/detlap019/.m2/repository/org/seleniumhq/selenium/selenium-opera-driver/3.141.59/selenium-opera-driver-3.141.59.jar:/Users/detlap019/.m2/repository/org/seleniumhq/selenium/selenium-remote-driver/3.141.59/selenium-remote-driver-3.141.59.jar:/Users/detlap019/.m2/repository/org/seleniumhq/selenium/selenium-safari-driver/3.141.59/selenium-safari-driver-3.141.59.jar:/Users/detlap019/.m2/repository/net/bytebuddy/byte-buddy/1.8.15/byte-buddy-1.8.15.jar:/Users/detlap019/.m2/repository/org/apache/commons/commons-exec/1.3/commons-exec-1.3.jar:/Users/detlap019/.m2/repository/com/google/guava/guava/25.0-jre/guava-25.0-jre.jar:/Users/detlap019/.m2/repository/com/google/code/findbugs/jsr305/1.3.9/jsr305-1.3.9.jar:/Users/detlap019/.m2/repository/org/checkerframework/checker-compat-qual/2.0.0/checker-compat-qual-2.0.0.jar:/Users/detlap019/.m2/repository/com/google/errorprone/error_prone_annotations/2.1.3/error_prone_annotations-2.1.3.jar:/Users/detlap019/.m2/repository/com/google/j2objc/j2objc-annotations/1.1/j2objc-annotations-1.1.jar:/Users/detlap019/.m2/repository/org/codehaus/mojo/animal-sniffer-annotations/1.14/animal-sniffer-annotations-1.14.jar:/Users/detlap019/.m2/repository/com/squareup/okhttp3/okhttp/3.11.0/okhttp-3.11.0.jar:/Users/detlap019/.m2/repository/com/squareup/okio/okio/1.14.0/okio-1.14.0.jar:/Users/detlap019/.m2/repository/org/seleniumhq/selenium/selenium-support/3.141.59/selenium-support-3.141.59.jar:/Users/detlap019/.m2/repository/org/testng/testng/7.1.0/testng-7.1.0.jar:/Users/detlap019/.m2/repository/com/beust/jcommander/1.72/jcommander-1.72.jar:/Users/detlap019/.m2/repository/com/google/inject/guice/4.1.0/guice-4.1.0-no_aop.jar:/Users/detlap019/.m2/repository/javax/inject/javax.inject/1/javax.inject-1.jar:/Users/detlap019/.m2/repository/aopalliance/aopalliance/1.0/aopalliance-1.0.jar:/Users/detlap019/.m2/repository/org/yaml/snakeyaml/1.21/snakeyaml-1.21.jar:/Users/detlap019/.m2/repository/io/github/bonigarcia/webdrivermanager/4.3.1/webdrivermanager-4.3.1.jar:/Users/detlap019/.m2/repository/commons-io/commons-io/2.8.0/commons-io-2.8.0.jar:/Users/detlap019/.m2/repository/com/google/code/gson/gson/2.8.6/gson-2.8.6.jar:/Users/detlap019/.m2/repository/org/apache/commons/commons-lang3/3.11/commons-lang3-3.11.jar:/Users/detlap019/.m2/repository/org/apache/httpcomponents/client5/httpclient5/5.0.3/httpclient5-5.0.3.jar:/Users/detlap019/.m2/repository/org/apache/httpcomponents/core5/httpcore5/5.0.2/httpcore5-5.0.2.jar:/Users/detlap019/.m2/repository/org/apache/httpcomponents/core5/httpcore5-h2/5.0.2/httpcore5-h2-5.0.2.jar:/Users/detlap019/.m2/repository/commons-codec/commons-codec/1.13/commons-codec-1.13.jar:/Users/detlap019/.m2/repository/org/rauschig/jarchivelib/1.1.0/jarchivelib-1.1.0.jar:/Users/detlap019/.m2/repository/org/apache/commons/commons-compress/1.20/commons-compress-1.20.jar:/Users/detlap019/.m2/repository/org/jsoup/jsoup/1.13.1/jsoup-1.13.1.jar:/Users/detlap019/.m2/repository/com/opencsv/opencsv/3.3/opencsv-3.3.jar:/Users/detlap019/.m2/repository/io/appium/java-client/7.3.0/java-client-7.3.0.jar:/Users/detlap019/.m2/repository/org/apache/httpcomponents/httpclient/4.5.9/httpclient-4.5.9.jar:/Users/detlap019/.m2/repository/org/apache/httpcomponents/httpcore/4.4.11/httpcore-4.4.11.jar:/Users/detlap019/.m2/repository/commons-logging/commons-logging/1.2/commons-logging-1.2.jar:/Users/detlap019/.m2/repository/cglib/cglib/3.2.12/cglib-3.2.12.jar:/Users/detlap019/.m2/repository/org/ow2/asm/asm/7.1/asm-7.1.jar:/Users/detlap019/.m2/repository/commons-validator/commons-validator/1.6/commons-validator-1.6.jar:/Users/detlap019/.m2/repository/commons-beanutils/commons-beanutils/1.9.2/commons-beanutils-1.9.2.jar:/Users/detlap019/.m2/repository/commons-digester/commons-digester/1.8.1/commons-digester-1.8.1.jar:/Users/detlap019/.m2/repository/commons-collections/commons-collections/3.2.2/commons-collections-3.2.2.jar:/Users/detlap019/.m2/repository/org/springframework/spring-context/5.1.8.RELEASE/spring-context-5.1.8.RELEASE.jar:/Users/detlap019/.m2/repository/org/springframework/spring-aop/5.1.8.RELEASE/spring-aop-5.1.8.RELEASE.jar:/Users/detlap019/.m2/repository/org/springframework/spring-beans/5.1.8.RELEASE/spring-beans-5.1.8.RELEASE.jar:/Users/detlap019/.m2/repository/org/springframework/spring-core/5.1.8.RELEASE/spring-core-5.1.8.RELEASE.jar:/Users/detlap019/.m2/repository/org/springframework/spring-jcl/5.1.8.RELEASE/spring-jcl-5.1.8.RELEASE.jar:/Users/detlap019/.m2/repository/org/springframework/spring-expression/5.1.8.RELEASE/spring-expression-5.1.8.RELEASE.jar:/Users/detlap019/.m2/repository/org/aspectj/aspectjweaver/1.9.4/aspectjweaver-1.9.4.jar:/Users/detlap019/.m2/repository/com/aventstack/extentreports/4.1.5/extentreports-4.1.5.jar:/Users/detlap019/.m2/repository/org/freemarker/freemarker/2.3.29/freemarker-2.3.29.jar:/Users/detlap019/.m2/repository/org/apache/httpcomponents/httpmime/4.5.2/httpmime-4.5.2.jar:/Users/detlap019/.m2/repository/org/mongodb/mongodb-driver/3.12.0/mongodb-driver-3.12.0.jar:/Users/detlap019/.m2/repository/org/mongodb/mongodb-driver-core/3.12.0/mongodb-driver-core-3.12.0.jar:/Users/detlap019/.m2/repository/org/mongodb/bson/3.12.0/bson-3.12.0.jar:/Users/detlap019/.m2/repository/org/projectlombok/lombok/1.18.12/lombok-1.18.12.jar:/Users/detlap019/.m2/repository/log4j/log4j/1.2.17/log4j-1.2.17.jar:/Users/detlap019/.m2/repository/org/slf4j/slf4j-api/1.7.25/slf4j-api-1.7.25.jar:/Users/detlap019/.m2/repository/com/vimalselvam/cucumber-extentsreport/3.1.1/cucumber-extentsreport-3.1.1.jar:/Users/detlap019/.m2/repository/io/cucumber/cucumber-java/6.7.0/cucumber-java-6.7.0.jar:/Users/detlap019/.m2/repository/io/cucumber/cucumber-core/6.7.0/cucumber-core-6.7.0.jar:/Users/detlap019/.m2/repository/io/cucumber/cucumber-gherkin/6.7.0/cucumber-gherkin-6.7.0.jar:/Users/detlap019/.m2/repository/io/cucumber/cucumber-gherkin-messages/6.7.0/cucumber-gherkin-messages-6.7.0.jar:/Users/detlap019/.m2/repository/io/cucumber/messages/13.0.1/messages-13.0.1.jar:/Users/detlap019/.m2/repository/io/cucumber/tag-expressions/3.0.0/tag-expressions-3.0.0.jar:/Users/detlap019/.m2/repository/io/cucumber/cucumber-expressions/10.3.0/cucumber-expressions-10.3.0.jar:/Users/detlap019/.m2/repository/io/cucumber/datatable/3.4.0/datatable-3.4.0.jar:/Users/detlap019/.m2/repository/io/cucumber/cucumber-plugin/6.7.0/cucumber-plugin-6.7.0.jar:/Users/detlap019/.m2/repository/io/cucumber/docstring/6.7.0/docstring-6.7.0.jar:/Users/detlap019/.m2/repository/io/cucumber/html-formatter/9.0.0/html-formatter-9.0.0.jar:/Users/detlap019/.m2/repository/io/cucumber/create-meta/2.0.2/create-meta-2.0.2.jar:/Users/detlap019/.m2/repository/org/apiguardian/apiguardian-api/1.1.0/apiguardian-api-1.1.0.jar:/Users/detlap019/.m2/repository/io/cucumber/cucumber-testng/6.7.0/cucumber-testng-6.7.0.jar:/Users/detlap019/.m2/repository/io/cucumber/cucumber-picocontainer/4.3.0/cucumber-picocontainer-4.3.0.jar:/Users/detlap019/.m2/repository/org/picocontainer/picocontainer/2.15/picocontainer-2.15.jar:/Users/detlap019/.m2/repository/javassist/javassist/3.12.1.GA/javassist-3.12.1.GA.jar:/Users/detlap019/.m2/repository/com/googlecode/json-simple/json-simple/1.1.1/json-simple-1.1.1.jar:/Users/detlap019/.m2/repository/junit/junit/4.10/junit-4.10.jar:/Users/detlap019/.m2/repository/org/hamcrest/hamcrest-core/1.1/hamcrest-core-1.1.jar:/Users/detlap019/.m2/repository/org/json/json/20200518/json-20200518.jar:"/>
    <property name="sun.cpu.endian" value="little"/>
    <property name="user.home" value="/Users/detlap019"/>
    <property name="user.language" value="en"/>
    <property name="java.specification.vendor" value="Oracle Corporation"/>
    <property name="java.version.date" value="2019-07-16"/>
    <property name="java.home" value="/Library/Java/JavaVirtualMachines/jdk-12.0.2.jdk/Contents/Home"/>
    <property name="file.separator" value="/"/>
    <property name="basedir" value="/Users/detlap019/Automation_Framworks/UI_Automation_bdd_pom_framework"/>
    <property name="java.vm.compressedOopsMode" value="Zero based"/>
    <property name="line.separator" value="&#10;"/>
    <property name="java.vm.specification.vendor" value="Oracle Corporation"/>
    <property name="java.specification.name" value="Java Platform API Specification"/>
    <property name="java.awt.graphicsenv" value="sun.awt.CGraphicsEnvironment"/>
    <property name="surefire.real.class.path" value="/Users/detlap019/Automation_Framworks/UI_Automation_bdd_pom_framework/target/surefire/surefirebooter471480583766083645.jar"/>
    <property name="idea.version2020.1.4" value="true"/>
    <property name="sun.management.compiler" value="HotSpot 64-Bit Tiered Compilers"/>
    <property name="ftp.nonProxyHosts" value="local|*.local|169.254/16|*.169.254/16"/>
    <property name="java.runtime.version" value="12.0.2+10"/>
    <property name="user.name" value="detlap019"/>
    <property name="path.separator" value=":"/>
    <property name="os.version" value="10.15.7"/>
    <property name="java.runtime.name" value="Java(TM) SE Runtime Environment"/>
    <property name="file.encoding" value="UTF-8"/>
    <property name="java.vm.name" value="Java HotSpot(TM) 64-Bit Server VM"/>
    <property name="localRepository" value="/Users/detlap019/.m2/repository"/>
    <property name="java.vendor.url.bug" value="https://bugreport.java.com/bugreport/"/>
    <property name="java.io.tmpdir" value="/var/folders/lb/g95v9_ds62j9004vxj1h_0qr0000gn/T/"/>
    <property name="java.version" value="12.0.2"/>
    <property name="user.dir" value="/Users/detlap019/Automation_Framworks/UI_Automation_bdd_pom_framework"/>
    <property name="os.arch" value="x86_64"/>
    <property name="java.vm.specification.name" value="Java Virtual Machine Specification"/>
    <property name="java.library.path" value="/Users/detlap019/Library/Java/Extensions:/Library/Java/Extensions:/Network/Library/Java/Extensions:/System/Library/Java/Extensions:/usr/lib/java:."/>
    <property name="java.vm.info" value="mixed mode, sharing"/>
    <property name="java.vendor" value="Oracle Corporation"/>
    <property name="java.vm.version" value="12.0.2+10"/>
    <property name="sun.io.unicode.encoding" value="UnicodeBig"/>
    <property name="socksNonProxyHosts" value="local|*.local|169.254/16|*.169.254/16"/>
    <property name="java.class.version" value="56.0"/>
  </properties>
  <testcase name="runScenario[&quot;Verify the total of the points of all men&apos;s teams of IPLT20 tournament 2020 season.&quot;, &quot;Optional[As a IPLT20 fan, I want to see total points of all men&apos;s teams in IPL Points table page.]&quot;](1)" classname="com.ipl.testRunners.PointTableTestRunner" time="2.013">
    <system-out><![CDATA[0 [main] INFO devpinoyLogger  - Config file loaded !!!
5013 [main] INFO util.Log  - -------------------------START INFO---------------------------
5013 [main] INFO util.Log  - The points of 'Mumbai Indians' in the table is : 18
5013 [main] INFO util.Log  - -------------------------END INFO-----------------------------
5075 [main] INFO util.Log  - -------------------------START INFO---------------------------
5075 [main] INFO util.Log  - The points of 'Delhi Capitals' in the table is : 16
5075 [main] INFO util.Log  - -------------------------END INFO-----------------------------
5138 [main] INFO util.Log  - -------------------------START INFO---------------------------
5138 [main] INFO util.Log  - The points of 'Sunrisers Hyderabad' in the table is : 14
5138 [main] INFO util.Log  - -------------------------END INFO-----------------------------
5193 [main] INFO util.Log  - -------------------------START INFO---------------------------
5193 [main] INFO util.Log  - The points of 'Royal Challengers Bangalore' in the table is : 14
5193 [main] INFO util.Log  - -------------------------END INFO-----------------------------
5287 [main] INFO util.Log  - -------------------------START INFO---------------------------
5287 [main] INFO util.Log  - The points of 'Kolkata Knight Riders' in the table is : 14
5287 [main] INFO util.Log  - -------------------------END INFO-----------------------------
5377 [main] INFO util.Log  - -------------------------START INFO---------------------------
5377 [main] INFO util.Log  - The points of 'Punjab Kings' in the table is : 12
5377 [main] INFO util.Log  - -------------------------END INFO-----------------------------
5458 [main] INFO util.Log  - -------------------------START INFO---------------------------
5458 [main] INFO util.Log  - The points of 'Chennai Super Kings' in the table is : 12
5458 [main] INFO util.Log  - -------------------------END INFO-----------------------------
5510 [main] INFO util.Log  - -------------------------START INFO---------------------------
5510 [main] INFO util.Log  - The points of 'Rajasthan Royals' in the table is : 12
5510 [main] INFO util.Log  - -------------------------END INFO-----------------------------
5510 [main] INFO util.Log  - -------------------------START INFO---------------------------
5510 [main] INFO util.Log  - The Total points of all teams are : 112
5510 [main] INFO util.Log  - -------------------------END INFO-----------------------------
]]></system-out>
    <system-err><![CDATA[SLF4J: Failed to load class "org.slf4j.impl.StaticLoggerBinder".
SLF4J: Defaulting to no-operation (NOP) logger implementation
SLF4J: See http://www.slf4j.org/codes.html#StaticLoggerBinder for further details.
Starting ChromeDriver 89.0.4389.23 (61b08ee2c50024bab004e48d2b1b083cdbdac579-refs/branch-heads/4389@{#294}) on port 21760
Only local connections are allowed.
Please see https://chromedriver.chromium.org/security-considerations for suggestions on keeping ChromeDriver safe.
ChromeDriver was started successfully.
Apr 05, 2021 10:35:25 PM org.openqa.selenium.remote.ProtocolHandshake createSession
INFO: Detected dialect: W3C
]]></system-err>
  </testcase>
</testsuite>