<?xml version="1.0" encoding="UTF-8"?>
<!-- Generated by org.testng.reporters.JUnitReportReporter -->
<testsuite hostname="DETLAP019.local" failures="0" tests="1" name="com.ipl.testRunners.PointTableTestRunner" time="2.014" errors="0" timestamp="2021-04-05T22:35:34 IST" skipped="0">
  <testcase classname="com.ipl.testRunners.PointTableTestRunner" name="runScenario" time="2.014"/>
  <system-out/>
</testsuite> <!-- com.ipl.testRunners.PointTableTestRunner -->
